19:42:12. 889 [%] INFO  org.testng.internal.Utils {36} - [TestNG] Time taken by org.testng.reporters.jq.Main@2e27d72f: 181 ms
19:42:12. 921 [%] INFO  org.testng.internal.Utils {36} - [TestNG] Time taken by org.testng.reporters.FailedReporter@5a6d5a8f: 21 ms
19:42:12. 937 [%] INFO  org.testng.internal.Utils {36} - [TestNG] Time taken by org.testng.reporters.XMLReporter@77e2a6e2: 16 ms
19:42:12. 954 [%] INFO  org.testng.internal.Utils {36} - [TestNG] Time taken by org.testng.reporters.EmailableReporter2@3c49fab6: 16 ms
19:42:12. 967 [%] INFO  org.testng.internal.Utils {36} - [TestNG] Time taken by org.testng.reporters.JUnitReportReporter@30865a90: 11 ms
19:42:12. 967 [%] INFO  org.testng.internal.Utils {36} - [TestNG] Time taken by org.testng.internal.ExitCodeListener@6134ac4a: 0 ms
20:13:34. 089 [%] INFO  org.testng.internal.Utils {36} - [TestNG] Running:
  C:\Users\Asus\eclipse-workspace\OprnCart121\groups.xml

20:16:21. 626 [%] INFO  org.testng.internal.Utils {36} - [TestNG] Running:
  C:\Users\Asus\eclipse-workspace\OprnCart121\groups.xml

20:27:05. 106 [%] INFO  org.testng.internal.Utils {36} - [TestNG] Running:
  C:\Users\Asus\eclipse-workspace\OprnCart121\groups.xml

20:57:47. 976 [%] INFO  org.testng.internal.Utils {36} - [TestNG] Running:
  C:\Users\Asus\eclipse-workspace\OprnCart121\groups.xml

21:00:52. 321 [%] INFO  org.testng.internal.Utils {36} - [TestNG] Running:
  C:\Users\Asus\eclipse-workspace\OprnCart121\groups.xml

21:20:28. 086 [%] INFO  org.testng.internal.Utils {36} - [TestNG] Running:
  C:\Users\Asus\eclipse-workspace\OprnCart121\groups.xml

21:26:52. 981 [%] INFO  org.testng.internal.Utils {36} - [TestNG] Running:
  C:\Users\Asus\eclipse-workspace\OprnCart121\groups.xml

21:42:48. 060 [%] INFO  org.testng.internal.Utils {36} - [TestNG] Running:
  C:\Users\Asus\eclipse-workspace\OprnCart121\groups.xml

21:42:52. 304 [%] INFO  testCases.BaseClass {36} - ... Started....
21:42:59. 664 [%] INFO  testCases.BaseClass {36} - *** Starting Test Case****
21:43:00. 443 [%] INFO  testCases.BaseClass {36} - *****Login clicked****
17:47:50. 436 [%] INFO  org.testng.internal.Utils {36} - [TestNG] Running:
  C:\Users\Asus\eclipse-workspace\OprnCart121\test-output\testng-failed.xml

17:51:56. 431 [%] INFO  org.testng.internal.Utils {36} - [TestNG] Running:
  C:\Users\Asus\eclipse-workspace\OprnCart121\test-output\testng-failed.xml

18:24:54. 835 [%] INFO  org.testng.internal.Utils {36} - [TestNG] Running:
  C:\Users\Asus\eclipse-workspace\OprnCart121\test-output\testng-failed.xml

18:27:56. 325 [%] INFO  org.testng.internal.Utils {36} - [Utils] MethodGroupsHelper.collectMethodsByGroup() took 0 ms.
18:27:56. 333 [%] INFO  org.testng.internal.Utils {36} - [Utils] MethodGroupsHelper.sortMethods() took 1 ms.
18:27:56. 336 [%] INFO  org.testng.internal.Utils {36} - [Utils] MethodGroupsHelper.collectMethodsByGroup() took 0 ms.
18:27:56. 336 [%] INFO  org.testng.internal.Utils {36} - [Utils] MethodGroupsHelper.sortMethods() took 0 ms.
18:27:56. 343 [%] INFO  org.testng.internal.Utils {36} - [Utils] MethodGroupsHelper.collectMethodsByGroup() took 0 ms.
18:27:56. 343 [%] INFO  org.testng.internal.Utils {36} - [Utils] MethodGroupsHelper.sortMethods() took 0 ms.
18:27:56. 349 [%] INFO  org.testng.internal.Utils {36} - [Utils] MethodGroupsHelper.collectMethodsByGroup() took 0 ms.
18:27:56. 351 [%] INFO  org.testng.internal.Utils {36} - [Utils] MethodGroupsHelper.sortMethods() took 0 ms.
18:27:56. 366 [%] INFO  org.testng.internal.Utils {36} - [Utils] MethodGroupsHelper.collectMethodsByGroup() took 6 ms.
18:27:56. 392 [%] INFO  org.testng.internal.Utils {36} - [Utils] MethodGroupsHelper.sortMethods() took 25 ms.
18:27:56. 396 [%] INFO  org.testng.internal.Utils {36} - [Utils] MethodGroupsHelper.collectMethodsByGroup() took 0 ms.
18:27:56. 397 [%] INFO  org.testng.internal.Utils {36} - [Utils] MethodGroupsHelper.sortMethods() took 0 ms.
18:27:56. 399 [%] INFO  org.testng.internal.Utils {36} - [Utils] MethodGroupsHelper.collectMethodsByGroup() took 0 ms.
18:27:56. 400 [%] INFO  org.testng.internal.Utils {36} - [Utils] MethodGroupsHelper.sortMethods() took 0 ms.
18:27:56. 402 [%] INFO  org.testng.internal.Utils {36} - [Utils] MethodGroupsHelper.collectMethodsByGroup() took 0 ms.
18:27:56. 402 [%] INFO  org.testng.internal.Utils {36} - [Utils] MethodGroupsHelper.sortMethods() took 0 ms.
18:27:56. 409 [%] INFO  org.testng.internal.Utils {36} - [Utils] MethodGroupsHelper.collectMethodsByGroup() took 0 ms.
18:27:56. 410 [%] INFO  org.testng.internal.Utils {36} - [Utils] MethodGroupsHelper.sortMethods() took 0 ms.
18:27:56. 414 [%] INFO  org.testng.internal.Utils {36} - [Utils] MethodGroupsHelper.collectMethodsByGroup() took 0 ms.
18:27:56. 415 [%] INFO  org.testng.internal.Utils {36} - [Utils] MethodGroupsHelper.sortMethods() took 0 ms.
18:27:56. 430 [%] INFO  org.testng.internal.Utils {36} - [Utils] MethodGroupsHelper.collectMethodsByGroup() took 0 ms.
18:27:56. 430 [%] INFO  org.testng.internal.Utils {36} - [Utils] MethodGroupsHelper.sortMethods() took 0 ms.
